<?xml version="1.0" encoding="UTF-8"?>
<!-- Generated by org.testng.reporters.JUnitReportReporter -->
<testsuite skipped="0" hostname="ASCSBCWTL016" name="DBTest" tests="3" failures="0" timestamp="2020-10-07T14:33:23 CEST" time="49.298" errors="0">
  <testcase name="webTest" time="15.666" classname="DBTest"/>
  <system-out/>
  <testcase name="webTest" time="20.522" classname="DBTest"/>
  <system-out/>
  <testcase name="webTest" time="13.110" classname="DBTest"/>
  <system-out/>
</testsuite> <!-- DBTest -->
